[5376:5692:2024-5-13 12:1:14.162] Main Start
[5376:5692:2024-5-13 12:1:14.162] Command line:"C:\Users\utilisateur\Downloads\Zoom_cm_fo42mnktZ9vvrZo4_m9nC2aeL9zPQBWvepFgGrvmoJ8LT5+aK1dsLL@p0vlo-+PJNB+E6Vl_k3029ae7b0ea98cda_.exe"  Instance:0x3B0000 Show State:1
[5376:5692:2024-5-13 12:1:14.195] C:\
[5376:17680:2024-5-13 12:1:14.203] [process_requst] start, url:https://us05web.zoom.us/conf/launch
[5376:17680:2024-5-13 12:1:14.962] [req_state_read_status_code] zHttpQueryInfo complete, status:200
[5376:17680:2024-5-13 12:1:14.962] [req_state_read_status_code] zHttpQueryInfo complete, status:200 Error: 0
[5376:17680:2024-5-13 12:1:14.962] [read_response_content] API call zHttpQueryInfo failed, error: 12150
[5376:17680:2024-5-13 12:1:14.962] [log_response_content] Content length (1048576 as unknown):1048576 , Total read: 2541 , Error No: 0 , Status code: 200
[5376:17680:2024-5-13 12:1:14.962] [log_response_content] header:
[5376:17680:2024-5-13 12:1:14.962] HTTP/1.1 200 OK
Date: Mon, 13 May 2024 10:01:06 GMT
Content-Type: text/plain;charset=utf-8
Transfer-Encoding: chunked
Connection: keep-alive
x-zm-trackingid: v=2.0;clid=aw1;rid=WEB_40fac508529dbb9f8c338afe6d650b79
x-content-type-options: nosniff
content-security-policy: upgrade-insecure-requests; default-src https://*.zoom.us https://zoom.us blob: 'self'; img-src https: about: blob: data: 'self'; style-src https: safari-extension: chrome-extension: 'unsafe-inline' data: 'self'; font-src https: safari-extension: chrome-extension: blob: data: 'self'; connect-src * about: blob: data: 'self'; media-src * rtmp: blob: data: 'self'; frame-src https: ms-appx-web: zoommtg: zoomus: wvjbscheme: zoomprc: data: blob: 'self'; object-src 'none'; base-uri 'none';
x-frame-options: SAMEORIGIN
set-cookie: zm_aid=; Max-Age=0; Expires=Thu, 01 Jan 1970 00:00:10 GMT; Domain=zoom.us; Path=/; Secure; HttpOnly
x-zm-zoneid: VA
strict-transport-security: max-age=31536000; includeSubDomains
x-xss-protection: 1; mode=block
referrer-policy: strict-origin-when-cross-origin
CF-Cache-Status: DYNAMIC
Set-Cookie: zm_haid=; Max-Age=0; Expires=Thu, 01 Jan 1970 00:00:10 GMT; Domain=zoom.us; Path=/; Secure; HttpOnly
Set-Cookie: zm_tmaid=; Max-Age=0; Expires=Thu, 01 Jan 1970 00:00:10 GMT; Domain=zoom.us; Path=/; Secure; HttpOnly
Set-Cookie: zm_htmaid=; Max-Age=0; Expires=Thu, 01 Jan 1970 00:00:10 GMT; Domain=zoom.us; Path=/; Secure; HttpOnly
Set-Cookie: cred=E2AE6DE26EBA4D8AB0E83533B551775A; Path=/; Secure; HttpOnly
Set-Cookie: _zm_page_auth=aw1_c_kFFPxQ3dQAKt0DOiQUgZsQ; Domain=zoom.us; Path=/; Secure; HttpOnly
Set-Cookie: _zm_ssid=aw1_c_manUoG8WTDeIaZ7YD0MMvQ; Domain=zoom.us; Path=/; Secure; HttpOnly
Set-Cookie: _zm_ctaid=W_l0DehWRj2_bhPW4N3uPQ.1715594466238.8a7980b085c8eeb7fe5a04d5e63f0064; Max-Age=7200; Expires=Mon, 13 May 2024 12:01:06 GMT; Domain=zoom.us; Path=/; Secure; HttpOnly
Set-Cookie: _zm_chtaid=139; Max-Age=7200; Expires=Mon, 13 May 2024 12:01:06 GMT; Domain=zoom.us; Path=/; Secure; HttpOnly
Set-Cookie: _zm_mtk_guid=0148e898c6fd4e6f9cdbf2b211d89380; Max-Age=63072000; Expires=Wed, 13 May 2026 10:01:06 GMT; Domain=zoom.us; Path=/; Secure
Set-Cookie: __cf_bm=6J5Ygwwt9NEgL33Vc3qGpVNQkPOYc9iISNF2D9KBnR4-1715594466-1.0.1.1-alWIUvJ8yv6IHkNWxK6ZNx0HzeUZE.pZdE7fibxmZiHan49dg5oocmDcFf2s4kiXObLS.5htGhfJ6Up3WrMGSw; path=/; expires=Mon, 13-May-24 10:31:06 GMT; domain=.us05web.zoom.us; HttpOnly; Secure; SameSite=None
Report-To: {"endpoints":[{"url":"https:\/\/a.nel.cloudflare.com\/report\/v4?s=2vgGkwSQ3%2BohsuPJtMpx7FOruY2uNygccGYt96dGlU%2F5zrvEaqBU%2FY1eV7c4YtPcYRvcpNiDSLTJnPdIaQFk7r57kZ4uIdupSmCLuHQ3Kughix2nzsK3hTqzoh%2FmJ2GwyUQ5UloWRatUnaOeAQ%3D%3D"}],"group":"cf-nel","max_age":604800}
NEL: {"success_fraction":0.01,"report_to":"cf-nel","max_age":604800}
Server: cloudflare
CF-RAY: 8831ce22eddcd3ec-CDG
alt-svc: h3=":443"; ma=86400


[5376:17680:2024-5-13 12:1:14.962] [process_requst] End for url:https://us05web.zoom.us/conf/launch, return code:200, Error:0, Response content size:2541
[5376:5692:2024-5-13 12:1:15.14] [client_has_installed_app] found path:
[5376:5692:2024-5-13 12:1:15.14]  ***NULL-POINTER-PLACEHOLDER***
[5376:5692:2024-5-13 12:1:15.14] [param_query_local_path] path is: C:\Users\utilisateur\AppData\Roaming\Zoom\ZoomDownload\ dir create response : 1 system error: 1008
[5376:5692:2024-5-13 12:1:15.14] [downloader_run] State:0
[5376:7772:2024-5-13 12:1:15.14] [process_requst] start, url:https://us05web.zoom.us/client/latest/Installer.exe?archType=x64
[5376:5692:2024-5-13 12:1:15.14] [client_has_installed_app] found path:
[5376:5692:2024-5-13 12:1:15.14]  ***NULL-POINTER-PLACEHOLDER***
[5376:7772:2024-5-13 12:1:15.252] [req_state_read_status_code] zHttpQueryInfo complete, status:200
[5376:7772:2024-5-13 12:1:15.252] [req_state_read_status_code] zHttpQueryInfo complete, status:200 Error: 0
[5376:7772:2024-5-13 12:1:15.364] [read_response_file] Status Code:200, content length: 1077064, total read: 1077064, error code: 0
[5376:7772:2024-5-13 12:1:15.367] [process_requst] End for url:https://us05web.zoom.us/client/latest/Installer.exe?archType=x64, return code:200, Error:0, Response content size:0
[5376:5692:2024-5-13 12:1:15.383] [handle_download_job_done] Index: 1 Curr index: 1 StatusCode: 200 Error: 0 Response is Empty. 
[5376:7772:2024-5-13 12:1:15.423] [process_requst] start, url:https://us05web.zoom.us/client/latest/Zoom.msi?archType=x64
[5376:7772:2024-5-13 12:1:15.589] [req_state_read_status_code] zHttpQueryInfo complete, status:200
[5376:7772:2024-5-13 12:1:15.589] [req_state_read_status_code] zHttpQueryInfo complete, status:200 Error: 0
[5376:5692:2024-5-13 12:1:19.379] [downloader_cancel] State:1
[5376:7772:2024-5-13 12:1:19.380] [read_response_file] Status Code:200, content length: 40971065, total read: 31195136, error code: 1011
[5376:7772:2024-5-13 12:1:19.406] [process_requst] End for url:https://us05web.zoom.us/client/latest/Zoom.msi?archType=x64, return code:200, Error:1011, Response content size:0
[5376:5692:2024-5-13 12:1:19.421] Main End
[8160:19132:2024-9-10 12:34:20.208] Main Start
[8160:19132:2024-9-10 12:34:20.208] Command line:"C:\Users\utilisateur\Downloads\Zoom_cm_fo42mnktZ9vvrZo4_m9nC2aeL9zPQBWvepFgGrvmoJ8LT5+aK1dsLL@p0vlo-+PJNB+E6Vl_k3029ae7b0ea98cda_.exe"  Instance:0x770000 Show State:1
[8160:19132:2024-9-10 12:34:20.232] C:\
[8160:19132:2024-9-10 12:34:20.238] Main End
[10036:18172:2024-9-10 12:34:23.691] Main Start
[10036:18172:2024-9-10 12:34:23.691] Command line:"C:\Users\utilisateur\Downloads\Zoom_cm_fo42mnktZ9vvrZo4_m9nC2aeL9zPQBWvepFgGrvmoJ8LT5+aK1dsLL@p0vlo-+PJNB+E6Vl_k3029ae7b0ea98cda_.exe"  Instance:0x770000 Show State:1
[10036:18172:2024-9-10 12:34:23.709] C:\
[10036:18172:2024-9-10 12:34:23.717] Main End
